<!DOCTYPE html><html><head><meta charset="utf-8"><meta name="viewport" content="width=device-width, initial-scale=1"><title>CT Scoreboard for annieychen1993</title><link rel="stylesheet" href="https://maxcdn.bootstrapcdn.com/bootstrap/3.3.5/css/bootstrap.min.css"><style type="text/css">body { margin: 0 auto; width: 50%; padding-bottom: 30px; } td.hd { font-weight: bold; text-align: center; } td { padding: 5px; }</style></head><body><div class="container"><h2>Information</h2>
<div class="container" style="width: 100%;"><table border="1" cellspacing="1" cellpadding="5"><tr><td>Alias</td><td>annieychen1993</td></tr><tr><td>Start</td><td>2015-11-05 16:14:37</td></tr><tr><td>End</td><td>2015-11-05 16:14:42</td></tr><tr><td>Comment ID</td><td>0a9b0d3a2c13c3b743efd89dd4a12f2d31b7cd18</td></tr><tr><td>Scores</td><td><table border="1" cellspacing="1" cellpadding="5"><tr><td><b>Part</b></td><td><b>Passed / Total</b></td></tr><tr><td>Part 1</td><td>0 / 0</td></tr><tr><td>Part 2</td><td>0 / 0</td></tr><tr><td>Part 3</td><td>0 / 0</td></tr><tr><td>Part 4</td><td>0 / 0</td></tr></table></td></tr><tr><td>Exit codes</td><td><table border="1" cellspacing="1" cellpadding="5"><tr><td><b>Code</b></td><td><b>Explanation</b></td></tr><tr><td>250</td><td>One or more lexer error(s).</td></tr><tr><td>245</td><td>One or more parse error(s).</td></tr><tr><td>240</td><td>One or more semantic error(s).</td></tr><tr><td>224</td><td>AST construction is wrong.</td></tr><tr><td>124</td><td>Your compiler might have an infinite loop.</td></tr><tr><td>1</td><td>JVM exited prematurely. It occurs when your compiler has infinite recursion, requires a Java version different from 1.7, etc.</td></tr></table></td></tr></table><div class="container" style="width: 45%;margin-top:30px;"><div class="alert alert-danger" role="alert"><b>Test suite failure!</b> Could not build your compiler.</div></div><h3>Error log</h3><pre>Buildfile: /tmp/tmpq7ehp468/annieychen1993/build.xml

build-subprojects:

init:
    [mkdir] Created dir: /tmp/tmpq7ehp468/annieychen1993/bin

build-project:
     [echo] CT-15-16: /tmp/tmpq7ehp468/annieychen1993/build.xml
    [javac] Compiling 38 source files to /tmp/tmpq7ehp468/annieychen1993/bin
    [javac] /tmp/tmpq7ehp468/annieychen1993/src/sem/NameAnalysisVisitor.java:32: error: illegal start of expression
    [javac]         }
    [javac]         ^
    [javac] /tmp/tmpq7ehp468/annieychen1993/src/sem/NameAnalysisVisitor.java:37: error: ';' expected
    [javac]     public Void visitProgram(Program p) {
    [javac]                             ^
    [javac] /tmp/tmpq7ehp468/annieychen1993/src/sem/NameAnalysisVisitor.java:37: error: ';' expected
    [javac]     public Void visitProgram(Program p) {
    [javac]                                       ^
    [javac] /tmp/tmpq7ehp468/annieychen1993/src/sem/NameAnalysisVisitor.java:43: error: ';' expected
    [javac]     public Void visitVarDecl(VarDecl vd) {
    [javac]                             ^
    [javac] /tmp/tmpq7ehp468/annieychen1993/src/sem/NameAnalysisVisitor.java:43: error: ';' expected
    [javac]     public Void visitVarDecl(VarDecl vd) {
    [javac]                                        ^
    [javac] /tmp/tmpq7ehp468/annieychen1993/src/sem/NameAnalysisVisitor.java:54: error: ';' expected
    [javac]     public Void visitVar(Var v) {
    [javac]                         ^
    [javac] /tmp/tmpq7ehp468/annieychen1993/src/sem/NameAnalysisVisitor.java:54: error: ';' expected
    [javac]     public Void visitVar(Var v) {
    [javac]                               ^
    [javac] /tmp/tmpq7ehp468/annieychen1993/src/sem/NameAnalysisVisitor.java:67: error: ';' expected
    [javac]     public Void visitBinOp(BinOp bo) {
    [javac]                           ^
    [javac] /tmp/tmpq7ehp468/annieychen1993/src/sem/NameAnalysisVisitor.java:67: error: ';' expected
    [javac]     public Void visitBinOp(BinOp bo) {
    [javac]                                    ^
    [javac] /tmp/tmpq7ehp468/annieychen1993/src/sem/NameAnalysisVisitor.java:73: error: ';' expected
    [javac]     public Void visitIntLiteral(IntLiteral il) {
    [javac]                                ^
    [javac] /tmp/tmpq7ehp468/annieychen1993/src/sem/NameAnalysisVisitor.java:73: error: ';' expected
    [javac]     public Void visitIntLiteral(IntLiteral il) {
    [javac]                                              ^
    [javac] /tmp/tmpq7ehp468/annieychen1993/src/sem/NameAnalysisVisitor.java:79: error: ';' expected
    [javac]     public Void visitStrLiteral(StrLiteral sl) {
    [javac]                                ^
    [javac] /tmp/tmpq7ehp468/annieychen1993/src/sem/NameAnalysisVisitor.java:79: error: ';' expected
    [javac]     public Void visitStrLiteral(StrLiteral sl) {
    [javac]                                              ^
    [javac] /tmp/tmpq7ehp468/annieychen1993/src/sem/NameAnalysisVisitor.java:85: error: ';' expected
    [javac]     public Void visitChrLiteral(ChrLiteral cl) {
    [javac]                                ^
    [javac] /tmp/tmpq7ehp468/annieychen1993/src/sem/NameAnalysisVisitor.java:85: error: ';' expected
    [javac]     public Void visitChrLiteral(ChrLiteral cl) {
    [javac]                                              ^
    [javac] /tmp/tmpq7ehp468/annieychen1993/src/sem/NameAnalysisVisitor.java:91: error: ';' expected
    [javac]     public Void visitFunCallStmt(FunCallStmt fcs) {
    [javac]                                 ^
    [javac] /tmp/tmpq7ehp468/annieychen1993/src/sem/NameAnalysisVisitor.java:91: error: ';' expected
    [javac]     public Void visitFunCallStmt(FunCallStmt fcs) {
    [javac]                                                 ^
    [javac] /tmp/tmpq7ehp468/annieychen1993/src/sem/NameAnalysisVisitor.java:97: error: ';' expected
    [javac]     public Void visitWhile(While w) {
    [javac]                           ^
    [javac] /tmp/tmpq7ehp468/annieychen1993/src/sem/NameAnalysisVisitor.java:97: error: ';' expected
    [javac]     public Void visitWhile(While w) {
    [javac]                                   ^
    [javac] /tmp/tmpq7ehp468/annieychen1993/src/sem/NameAnalysisVisitor.java:103: error: ';' expected
    [javac]     public Void visitIf(If i) {
    [javac]                        ^
    [javac] /tmp/tmpq7ehp468/annieychen1993/src/sem/NameAnalysisVisitor.java:103: error: ';' expected
    [javac]     public Void visitIf(If i) {
    [javac]                             ^
    [javac] /tmp/tmpq7ehp468/annieychen1993/src/sem/NameAnalysisVisitor.java:109: error: ';' expected
    [javac]     public Void visitAssign(Assign as) {
    [javac]                            ^
    [javac] /tmp/tmpq7ehp468/annieychen1993/src/sem/NameAnalysisVisitor.java:109: error: ';' expected
    [javac]     public Void visitAssign(Assign as) {
    [javac]                                      ^
    [javac] /tmp/tmpq7ehp468/annieychen1993/src/sem/NameAnalysisVisitor.java:115: error: ';' expected
    [javac]     public Void visitReturn(Return re) {
    [javac]                            ^
    [javac] /tmp/tmpq7ehp468/annieychen1993/src/sem/NameAnalysisVisitor.java:115: error: ';' expected
    [javac]     public Void visitReturn(Return re) {
    [javac]                                      ^
    [javac] /tmp/tmpq7ehp468/annieychen1993/src/sem/NameAnalysisVisitor.java:121: error: ';' expected
    [javac]     public Void visitFunCallExpr(FunCallExpr fce) {
    [javac]                                 ^
    [javac] /tmp/tmpq7ehp468/annieychen1993/src/sem/NameAnalysisVisitor.java:121: error: ';' expected
    [javac]     public Void visitFunCallExpr(FunCallExpr fce) {
    [javac]                                                 ^
    [javac] /tmp/tmpq7ehp468/annieychen1993/src/sem/NameAnalysisVisitor.java:127: error: ';' expected
    [javac]     public Void visitIf2(If2 if2) {
    [javac]                         ^
    [javac] /tmp/tmpq7ehp468/annieychen1993/src/sem/NameAnalysisVisitor.java:127: error: ';' expected
    [javac]     public Void visitIf2(If2 if2) {
    [javac]                                 ^
    [javac] /tmp/tmpq7ehp468/annieychen1993/src/sem/NameAnalysisVisitor.java:131: error: reached end of file while parsing
    [javac] }
    [javac]  ^
    [javac] 30 errors

BUILD FAILED
/tmp/tmpq7ehp468/annieychen1993/build.xml:49: Compile failed; see the compiler error output for details.

Total time: 0 seconds
</pre></fieldset></div><hr /><div class="container" style="width:75%;"><a href="scoreboard.html"><button type="button" class="btn btn-default">Go back</button></a></div></div></body></html>