<!DOCTYPE html><html><head><meta charset="utf-8"><meta name="viewport" content="width=device-width, initial-scale=1"><title>CT Scoreboard for i-zhen</title><link rel="stylesheet" href="https://maxcdn.bootstrapcdn.com/bootstrap/3.3.5/css/bootstrap.min.css"><style type="text/css">body { margin: 0 auto; width: 50%; padding-bottom: 30px; } td.hd { font-weight: bold; text-align: center; } td { padding: 5px; }</style></head><body><div class="container"><h2>Information</h2>
<div class="container" style="width: 100%;"><table border="1" cellspacing="1" cellpadding="5"><tr><td>Alias</td><td>i-zhen</td></tr><tr><td>Start</td><td>2015-12-23 04:44:06</td></tr><tr><td>End</td><td>2015-12-23 04:44:13</td></tr><tr><td>Comment ID</td><td>f5e175420b8ec98cca3eeb8a3fa867c49b030236</td></tr><tr><td>Scores</td><td><table border="1" cellspacing="1" cellpadding="5"><tr><td><b>Part</b></td><td><b>Passed / Total</b></td></tr><tr><td>Part 1</td><td>0 / 0</td></tr><tr><td>Part 2</td><td>0 / 0</td></tr><tr><td>Part 3</td><td>0 / 0</td></tr><tr><td>Part 4</td><td>0 / 0</td></tr></table></td></tr><tr><td>Exit codes</td><td><table border="1" cellspacing="1" cellpadding="5"><tr><td><b>Code</b></td><td><b>Explanation</b></td></tr><tr><td>250</td><td>One or more lexer error(s).</td></tr><tr><td>245</td><td>One or more parse error(s).</td></tr><tr><td>240</td><td>One or more semantic error(s).</td></tr><tr><td>230</td><td>Compiled program produced wrong output.</td></tr><tr><td>224</td><td>AST construction is wrong.</td></tr><tr><td>204</td><td>Compiled program not found.</td></tr><tr><td>124</td><td>Your compiler or produced program might have an infinite loop.</td></tr><tr><td>1</td><td>JVM exited prematurely. It occurs when your compiler has infinite recursion, requires a Java version different from 1.7, etc.</td></tr></table></td></tr></table><div class="container" style="width: 45%;margin-top:30px;"><div class="alert alert-danger" role="alert"><b>Test suite failure!</b> Could not build your compiler.</div></div><h3>Error log</h3><pre>Buildfile: /tmp/tmpyx2u89ww/i-zhen/build.xml

build-subprojects:

init:
    [mkdir] Created dir: /tmp/tmpyx2u89ww/i-zhen/bin

build-project:
     [echo] ct-15-16: /tmp/tmpyx2u89ww/i-zhen/build.xml
    [javac] Compiling 36 source files to /tmp/tmpyx2u89ww/i-zhen/bin
    [javac] /tmp/tmpyx2u89ww/i-zhen/src/gen/CodeGenerator.java:4: error: package jdk.internal.org.objectweb.asm does not exist
    [javac] import jdk.internal.org.objectweb.asm.*;
    [javac] ^
    [javac] /tmp/tmpyx2u89ww/i-zhen/src/gen/CodeGenerator.java:25: error: cannot find symbol
    [javac]     public void writeClass(ClassWriter cw){
    [javac]                            ^
    [javac]   symbol:   class ClassWriter
    [javac]   location: class CodeGenerator
    [javac] /tmp/tmpyx2u89ww/i-zhen/src/gen/CodeGenerator.java:12: error: cannot find symbol
    [javac]         ClassWriter cw = new ClassWriter(0);
    [javac]         ^
    [javac]   symbol:   class ClassWriter
    [javac]   location: class CodeGenerator
    [javac] /tmp/tmpyx2u89ww/i-zhen/src/gen/CodeGenerator.java:12: error: cannot find symbol
    [javac]         ClassWriter cw = new ClassWriter(0);
    [javac]                              ^
    [javac]   symbol:   class ClassWriter
    [javac]   location: class CodeGenerator
    [javac] /tmp/tmpyx2u89ww/i-zhen/src/gen/CodeGenerator.java:13: error: cannot find symbol
    [javac]         cw.visit(Opcodes.V1_7, Opcodes.ACC_PUBLIC, "Main", null, "java/lang/Object", null);
    [javac]                  ^
    [javac]   symbol:   variable Opcodes
    [javac]   location: class CodeGenerator
    [javac] /tmp/tmpyx2u89ww/i-zhen/src/gen/CodeGenerator.java:13: error: cannot find symbol
    [javac]         cw.visit(Opcodes.V1_7, Opcodes.ACC_PUBLIC, "Main", null, "java/lang/Object", null);
    [javac]                                ^
    [javac]   symbol:   variable Opcodes
    [javac]   location: class CodeGenerator
    [javac] /tmp/tmpyx2u89ww/i-zhen/src/gen/CodeGenerator.java:14: error: cannot find symbol
    [javac]         MethodVisitor mv = cw.visitMethod(Opcodes.ACC_PUBLIC + Opcodes.ACC_STATIC, "main", "([Ljava/lang/String;)V", null, null);
    [javac]         ^
    [javac]   symbol:   class MethodVisitor
    [javac]   location: class CodeGenerator
    [javac] /tmp/tmpyx2u89ww/i-zhen/src/gen/CodeGenerator.java:14: error: cannot find symbol
    [javac]         MethodVisitor mv = cw.visitMethod(Opcodes.ACC_PUBLIC + Opcodes.ACC_STATIC, "main", "([Ljava/lang/String;)V", null, null);
    [javac]                                           ^
    [javac]   symbol:   variable Opcodes
    [javac]   location: class CodeGenerator
    [javac] /tmp/tmpyx2u89ww/i-zhen/src/gen/CodeGenerator.java:14: error: cannot find symbol
    [javac]         MethodVisitor mv = cw.visitMethod(Opcodes.ACC_PUBLIC + Opcodes.ACC_STATIC, "main", "([Ljava/lang/String;)V", null, null);
    [javac]                                                                ^
    [javac]   symbol:   variable Opcodes
    [javac]   location: class CodeGenerator
    [javac] /tmp/tmpyx2u89ww/i-zhen/src/gen/CodeGenerator.java:16: error: cannot find symbol
    [javac]         mv.visitInsn(Opcodes.RETURN);
    [javac]                      ^
    [javac]   symbol:   variable Opcodes
    [javac]   location: class CodeGenerator
    [javac] Note: /tmp/tmpyx2u89ww/i-zhen/src/sem/SemanticAnalyzer.java uses unchecked or unsafe operations.
    [javac] Note: Recompile with -Xlint:unchecked for details.
    [javac] 10 errors

BUILD FAILED
/tmp/tmpyx2u89ww/i-zhen/build.xml:53: Compile failed; see the compiler error output for details.

Total time: 1 second
</pre></fieldset></div><hr /><div class="container" style="width:75%;"><a href="scoreboard.html"><button type="button" class="btn btn-default">Go back</button></a></div></div></body></html>