<!DOCTYPE html><html><head><meta charset="utf-8"><meta name="viewport" content="width=device-width, initial-scale=1"><title>CT Scoreboard for james_friel</title><link rel="stylesheet" href="https://maxcdn.bootstrapcdn.com/bootstrap/3.3.5/css/bootstrap.min.css"><style type="text/css">body { margin: 0 auto; width: 50%; padding-bottom: 30px; } td.hd { font-weight: bold; text-align: center; } td { padding: 5px; }</style></head><body><div class="container"><h2>Information</h2>
<div class="container" style="width: 100%;"><table border="1" cellspacing="1" cellpadding="5"><tr><td>Alias</td><td>james_friel</td></tr><tr><td>Start</td><td>2015-11-07 17:52:53</td></tr><tr><td>End</td><td>2015-11-07 17:52:58</td></tr><tr><td>Comment ID</td><td>72a6f2f79c41289a73c3e78ef33b1d481afaff33</td></tr><tr><td>Scores</td><td><table border="1" cellspacing="1" cellpadding="5"><tr><td><b>Part</b></td><td><b>Passed / Total</b></td></tr><tr><td>Part 1</td><td>0 / 0</td></tr><tr><td>Part 2</td><td>0 / 0</td></tr><tr><td>Part 3</td><td>0 / 0</td></tr><tr><td>Part 4</td><td>0 / 0</td></tr></table></td></tr><tr><td>Exit codes</td><td><table border="1" cellspacing="1" cellpadding="5"><tr><td><b>Code</b></td><td><b>Explanation</b></td></tr><tr><td>250</td><td>One or more lexer error(s).</td></tr><tr><td>245</td><td>One or more parse error(s).</td></tr><tr><td>240</td><td>One or more semantic error(s).</td></tr><tr><td>224</td><td>AST construction is wrong.</td></tr><tr><td>124</td><td>Your compiler might have an infinite loop.</td></tr><tr><td>1</td><td>JVM exited prematurely. It occurs when your compiler has infinite recursion, requires a Java version different from 1.7, etc.</td></tr></table></td></tr></table><div class="container" style="width: 45%;margin-top:30px;"><div class="alert alert-danger" role="alert"><b>Test suite failure!</b> Could not build your compiler.</div></div><h3>Error log</h3><pre>Buildfile: /tmp/tmpfdez8as0/james_friel/build.xml

build-subprojects:

init:
    [mkdir] Created dir: /tmp/tmpfdez8as0/james_friel/bin

build-project:
     [echo] CT-15-16: /tmp/tmpfdez8as0/james_friel/build.xml
    [javac] Compiling 41 source files to /tmp/tmpfdez8as0/james_friel/bin
    [javac] /tmp/tmpfdez8as0/james_friel/src/parser/Parser.java:160: error: constructor Var in class Var cannot be applied to given types;
    [javac]                 VarDecl vd1 = new VarDecl(typ,new Var(token.data.toString()));
    [javac]                                               ^
    [javac]   required: String,VarDecl
    [javac]   found: String
    [javac]   reason: actual and formal argument lists differ in length
    [javac] /tmp/tmpfdez8as0/james_friel/src/parser/Parser.java:222: error: constructor Var in class Var cannot be applied to given types;
    [javac] 		return new VarDecl(vd1, new Var(id));
    [javac] 		                        ^
    [javac]   required: String,VarDecl
    [javac]   found: String
    [javac]   reason: actual and formal argument lists differ in length
    [javac] /tmp/tmpfdez8as0/james_friel/src/parser/Parser.java:254: error: constructor Var in class Var cannot be applied to given types;
    [javac]             VarDecl vd = new VarDecl(vd1,new Var(token.data.toString()));
    [javac]                                          ^
    [javac]   required: String,VarDecl
    [javac]   found: String
    [javac]   reason: actual and formal argument lists differ in length
    [javac] /tmp/tmpfdez8as0/james_friel/src/parser/Parser.java:376: error: constructor Var in class Var cannot be applied to given types;
    [javac] 			return new Assign(new Var(id),lxp1);
    [javac] 			                  ^
    [javac]   required: String,VarDecl
    [javac]   found: String
    [javac]   reason: actual and formal argument lists differ in length
    [javac] /tmp/tmpfdez8as0/james_friel/src/parser/Parser.java:491: error: constructor Var in class Var cannot be applied to given types;
    [javac]               return new BinOp(new IntLiteral(0),op,new Var(typ.data.toString()));
    [javac]                                                     ^
    [javac]   required: String,VarDecl
    [javac]   found: String
    [javac]   reason: actual and formal argument lists differ in length
    [javac] /tmp/tmpfdez8as0/james_friel/src/parser/Parser.java:497: error: constructor Var in class Var cannot be applied to given types;
    [javac]             return new Var(s);
    [javac]                    ^
    [javac]   required: String,VarDecl
    [javac]   found: String
    [javac]   reason: actual and formal argument lists differ in length
    [javac] /tmp/tmpfdez8as0/james_friel/src/parser/Parser.java:528: error: constructor Var in class Var cannot be applied to given types;
    [javac]             strlist.add(new Var(token.data.toString()));
    [javac]                         ^
    [javac]   required: String,VarDecl
    [javac]   found: String
    [javac]   reason: actual and formal argument lists differ in length
    [javac] /tmp/tmpfdez8as0/james_friel/src/parser/Parser.java:532: error: constructor Var in class Var cannot be applied to given types;
    [javac]                 strlist.add(new Var(token.data.toString()));
    [javac]                             ^
    [javac]   required: String,VarDecl
    [javac]   found: String
    [javac]   reason: actual and formal argument lists differ in length
    [javac] /tmp/tmpfdez8as0/james_friel/src/parser/Parser.java:549: error: constructor Var in class Var cannot be applied to given types;
    [javac]             strlist.add(new Var(token.data.toString()));
    [javac]                         ^
    [javac]   required: String,VarDecl
    [javac]   found: String
    [javac]   reason: actual and formal argument lists differ in length
    [javac] /tmp/tmpfdez8as0/james_friel/src/parser/Parser.java:553: error: constructor Var in class Var cannot be applied to given types;
    [javac]                 strlist.add(new Var(token.data.toString()));
    [javac]                             ^
    [javac]   required: String,VarDecl
    [javac]   found: String
    [javac]   reason: actual and formal argument lists differ in length
    [javac] Note: Some input files use unchecked or unsafe operations.
    [javac] Note: Recompile with -Xlint:unchecked for details.
    [javac] 10 errors

BUILD FAILED
/tmp/tmpfdez8as0/james_friel/build.xml:49: Compile failed; see the compiler error output for details.

Total time: 1 second
</pre></fieldset></div><hr /><div class="container" style="width:75%;"><a href="scoreboard.html"><button type="button" class="btn btn-default">Go back</button></a></div></div></body></html>