<!DOCTYPE html><html><head><meta charset="utf-8"><meta name="viewport" content="width=device-width, initial-scale=1"><title>CT Scoreboard for JennyWilson</title><link rel="stylesheet" href="https://maxcdn.bootstrapcdn.com/bootstrap/3.3.5/css/bootstrap.min.css"><style type="text/css">body { margin: 0 auto; width: 50%; padding-bottom: 30px; } td.hd { font-weight: bold; text-align: center; } td { padding: 5px; }</style></head><body><div class="container"><h2>Information</h2>
<div class="container" style="width: 100%;"><table border="1" cellspacing="1" cellpadding="5"><tr><td>Alias</td><td>JennyWilson</td></tr><tr><td>Start</td><td>2015-11-04 16:10:55</td></tr><tr><td>End</td><td>2015-11-04 16:11:02</td></tr><tr><td>Comment ID</td><td>dda4b4886ccde322dbf4db18d4c4020bd1a17a3c</td></tr><tr><td>Scores</td><td><table border="1" cellspacing="1" cellpadding="5"><tr><td><b>Part</b></td><td><b>Passed / Total</b></td></tr><tr><td>Part 1</td><td>0 / 0</td></tr><tr><td>Part 2</td><td>0 / 0</td></tr><tr><td>Part 3</td><td>0 / 0</td></tr><tr><td>Part 4</td><td>0 / 0</td></tr></table></td></tr><tr><td>Exit codes</td><td><table border="1" cellspacing="1" cellpadding="5"><tr><td><b>Code</b></td><td><b>Explanation</b></td></tr><tr><td>250</td><td>One or more lexer error(s).</td></tr><tr><td>245</td><td>One or more parse error(s).</td></tr><tr><td>240</td><td>One or more semantic error(s).</td></tr><tr><td>224</td><td>AST construction is wrong.</td></tr><tr><td>124</td><td>Your compiler might have an infinite loop.</td></tr><tr><td>1</td><td>JVM exited prematurely. It occurs when your compiler has infinite recursion, requires a Java version different from 1.7, etc.</td></tr></table></td></tr></table><div class="container" style="width: 45%;margin-top:30px;"><div class="alert alert-danger" role="alert"><b>Test suite failure!</b> Could not build your compiler.</div></div><h3>Error log</h3><pre>Buildfile: /tmp/tmphjq_u1_l/JennyWilson/build.xml

build-subprojects:

init:
    [mkdir] Created dir: /tmp/tmphjq_u1_l/JennyWilson/bin
     [copy] Copying 1 file to /tmp/tmphjq_u1_l/JennyWilson/bin

build-project:
     [echo] CT-15-16: /tmp/tmphjq_u1_l/JennyWilson/build.xml
    [javac] Compiling 40 source files to /tmp/tmphjq_u1_l/JennyWilson/bin
    [javac] /tmp/tmphjq_u1_l/JennyWilson/src/sem/ProcSymbol.java:4: error: cannot find symbol
    [javac] 	public Procedure p;
    [javac] 	       ^
    [javac]   symbol:   class Procedure
    [javac]   location: class ProcSymbol
    [javac] /tmp/tmphjq_u1_l/JennyWilson/src/sem/ProcSymbol.java:6: error: cannot find symbol
    [javac] 	public ProcSymbol(Procedure p) {
    [javac] 	                  ^
    [javac]   symbol:   class Procedure
    [javac]   location: class ProcSymbol
    [javac] /tmp/tmphjq_u1_l/JennyWilson/src/sem/VarSymbol.java:4: error: cannot find symbol
    [javac] 	public VarDecl vd;
    [javac] 	       ^
    [javac]   symbol:   class VarDecl
    [javac]   location: class VarSymbol
    [javac] /tmp/tmphjq_u1_l/JennyWilson/src/sem/VarSymbol.java:6: error: cannot find symbol
    [javac] 	public VarSymbol(VarDecl vd) {
    [javac] 	                 ^
    [javac]   symbol:   class VarDecl
    [javac]   location: class VarSymbol
    [javac] /tmp/tmphjq_u1_l/JennyWilson/src/sem/NameAnalysisVisitor.java:5: error: NameAnalysisVisitor is not abstract and does not override abstract method visitOpExpr(OpExpr) in ASTVisitor
    [javac] public class NameAnalysisVisitor extends BaseSemanticVisitor<Void> {
    [javac]        ^
    [javac] /tmp/tmphjq_u1_l/JennyWilson/src/sem/NameAnalysisVisitor.java:17: error: cannot find symbol
    [javac] 			Symbol t = scope.lookupCurrent(b.varDecls.var.name);
    [javac] 			                                         ^
    [javac]   symbol:   variable var
    [javac]   location: variable varDecls of type List<VarDecl>
    [javac] /tmp/tmphjq_u1_l/JennyWilson/src/sem/NameAnalysisVisitor.java:23: error: cannot find symbol
    [javac] 				scope.put(new VarSymbol(varDecls));
    [javac] 				                        ^
    [javac]   symbol:   variable varDecls
    [javac]   location: class NameAnalysisVisitor
    [javac] /tmp/tmphjq_u1_l/JennyWilson/src/sem/NameAnalysisVisitor.java:28: error: cannot find symbol
    [javac] 			if (Symbol(b.stmt.block.varDecls.var.name)!=null) {
    [javac] 			                 ^
    [javac]   symbol:   variable block
    [javac]   location: variable stmt of type List<Stmt>
    [javac] /tmp/tmphjq_u1_l/JennyWilson/src/sem/NameAnalysisVisitor.java:29: error: cannot find symbol
    [javac] 				Symbol u = scope.lookupCurrent(b.stmt.block.varDecls.var.name);
    [javac] 				                                     ^
    [javac]   symbol:   variable block
    [javac]   location: variable stmt of type List<Stmt>
    [javac] /tmp/tmphjq_u1_l/JennyWilson/src/sem/NameAnalysisVisitor.java:33: error: cannot find symbol
    [javac] 					scope.put(new VarSymbol(b.stmt.block.varDecls.var.name));
    [javac] 					                              ^
    [javac]   symbol:   variable block
    [javac]   location: variable stmt of type List<Stmt>
    [javac] /tmp/tmphjq_u1_l/JennyWilson/src/sem/NameAnalysisVisitor.java:35: error: cannot find symbol
    [javac] 			} else if (Symbol(b.stmt.wh.main.v.name)!=null) {
    [javac] 			                        ^
    [javac]   symbol:   variable wh
    [javac]   location: variable stmt of type List<Stmt>
    [javac] /tmp/tmphjq_u1_l/JennyWilson/src/sem/NameAnalysisVisitor.java:36: error: cannot find symbol
    [javac] 				Symbol u = scope.lookupCurrent(b.stmt.wh.main.v.name);
    [javac] 				                                     ^
    [javac]   symbol:   variable wh
    [javac]   location: variable stmt of type List<Stmt>
    [javac] /tmp/tmphjq_u1_l/JennyWilson/src/sem/NameAnalysisVisitor.java:40: error: cannot find symbol
    [javac] 					scope.put(new VarSymbol(b.stmt.wh.main.v.name));
    [javac] 					                              ^
    [javac]   symbol:   variable wh
    [javac]   location: variable stmt of type List<Stmt>
    [javac] /tmp/tmphjq_u1_l/JennyWilson/src/sem/NameAnalysisVisitor.java:42: error: cannot find symbol
    [javac] 			} else if (Symbol(b.stmt.cond.main.v.name)!=null) {
    [javac] 			                        ^
    [javac]   symbol:   variable cond
    [javac]   location: variable stmt of type List<Stmt>
    [javac] /tmp/tmphjq_u1_l/JennyWilson/src/sem/NameAnalysisVisitor.java:43: error: cannot find symbol
    [javac] 				Symbol u = scope.lookupCurrent(b.stmt.cond.main.v.name);
    [javac] 				                                     ^
    [javac]   symbol:   variable cond
    [javac]   location: variable stmt of type List<Stmt>
    [javac] /tmp/tmphjq_u1_l/JennyWilson/src/sem/NameAnalysisVisitor.java:47: error: cannot find symbol
    [javac] 					scope.put(new VarSymbol(b.stmt.cond.main.v.name));
    [javac] 					                              ^
    [javac]   symbol:   variable cond
    [javac]   location: variable stmt of type List<Stmt>
    [javac] /tmp/tmphjq_u1_l/JennyWilson/src/sem/NameAnalysisVisitor.java:49: error: cannot find symbol
    [javac] 			} else if (Symbol(b.stmt.assign.var.name)!=null) {
    [javac] 			                        ^
    [javac]   symbol:   variable assign
    [javac]   location: variable stmt of type List<Stmt>
    [javac] /tmp/tmphjq_u1_l/JennyWilson/src/sem/NameAnalysisVisitor.java:50: error: cannot find symbol
    [javac] 				Symbol u = scope.lookupCurrent(b.stmt.assign.var.name);
    [javac] 				                                     ^
    [javac]   symbol:   variable assign
    [javac]   location: variable stmt of type List<Stmt>
    [javac] /tmp/tmphjq_u1_l/JennyWilson/src/sem/NameAnalysisVisitor.java:54: error: cannot find symbol
    [javac] 					scope.put(new VarSymbol(b.stmt.assign.var.name));
    [javac] 					                              ^
    [javac]   symbol:   variable assign
    [javac]   location: variable stmt of type List<Stmt>
    [javac] /tmp/tmphjq_u1_l/JennyWilson/src/sem/NameAnalysisVisitor.java:56: error: cannot find symbol
    [javac] 			} else if (Symbol(b.stmt.ret.expr.var.name)!=null) {
    [javac] 			                        ^
    [javac]   symbol:   variable ret
    [javac]   location: variable stmt of type List<Stmt>
    [javac] /tmp/tmphjq_u1_l/JennyWilson/src/sem/NameAnalysisVisitor.java:57: error: cannot find symbol
    [javac] 				Symbol u = scope.lookupCurrent(b.stmt.ret.expr.var.name);
    [javac] 				                                     ^
    [javac]   symbol:   variable ret
    [javac]   location: variable stmt of type List<Stmt>
    [javac] /tmp/tmphjq_u1_l/JennyWilson/src/sem/NameAnalysisVisitor.java:61: error: cannot find symbol
    [javac] 					scope.put(new VarSymbol(b.stmt.ret.expr.var.name));
    [javac] 					                              ^
    [javac]   symbol:   variable ret
    [javac]   location: variable stmt of type List<Stmt>
    [javac] /tmp/tmphjq_u1_l/JennyWilson/src/sem/NameAnalysisVisitor.java:63: error: cannot find symbol
    [javac] 			} else if (Symbol(b.stmt.fcst.name)!=null) {
    [javac] 			                        ^
    [javac]   symbol:   variable fcst
    [javac]   location: variable stmt of type List<Stmt>
    [javac] /tmp/tmphjq_u1_l/JennyWilson/src/sem/NameAnalysisVisitor.java:64: error: cannot find symbol
    [javac] 				Symbol u = scope.lookupCurrent(b.stmt.fcst.name);
    [javac] 				                                     ^
    [javac]   symbol:   variable fcst
    [javac]   location: variable stmt of type List<Stmt>
    [javac] /tmp/tmphjq_u1_l/JennyWilson/src/sem/NameAnalysisVisitor.java:68: error: cannot find symbol
    [javac] 					scope.put(new VarSymbol(b.stmt.fcst.name));
    [javac] 					                              ^
    [javac]   symbol:   variable fcst
    [javac]   location: variable stmt of type List<Stmt>
    [javac] /tmp/tmphjq_u1_l/JennyWilson/src/sem/NameAnalysisVisitor.java:96: error: cannot find symbol
    [javac] 		if ((p.varDecls.var.name)!=null) {
    [javac] 		               ^
    [javac]   symbol:   variable var
    [javac]   location: variable varDecls of type List<VarDecl>
    [javac] /tmp/tmphjq_u1_l/JennyWilson/src/sem/NameAnalysisVisitor.java:96: error: illegal start of type
    [javac] 		if ((p.varDecls.var.name)!=null) {
    [javac] 		    ^
    [javac] /tmp/tmphjq_u1_l/JennyWilson/src/sem/NameAnalysisVisitor.java:97: error: cannot find symbol
    [javac] 			Symbol m = scope.lookupCurrent(p.varDecls.var.name);
    [javac] 			                                         ^
    [javac]   symbol:   variable var
    [javac]   location: variable varDecls of type List<VarDecl>
    [javac] /tmp/tmphjq_u1_l/JennyWilson/src/sem/NameAnalysisVisitor.java:101: error: cannot find symbol
    [javac] 				scope.put(new VarSymbol(vd));
    [javac] 				                        ^
    [javac]   symbol:   variable vd
    [javac]   location: class NameAnalysisVisitor
    [javac] /tmp/tmphjq_u1_l/JennyWilson/src/sem/NameAnalysisVisitor.java:103: error: cannot find symbol
    [javac] 			if (Symbol(p.procs.varDecls.var.name)!=null) {
    [javac] 			                  ^
    [javac]   symbol:   variable varDecls
    [javac]   location: variable procs of type List<Procedure>
    [javac] /tmp/tmphjq_u1_l/JennyWilson/src/sem/NameAnalysisVisitor.java:104: error: cannot find symbol
    [javac] 				Symbol z = scope.lookupCurrent(p.procs.varDecls.var.name);
    [javac] 				                                      ^
    [javac]   symbol:   variable varDecls
    [javac]   location: variable procs of type List<Procedure>
    [javac] /tmp/tmphjq_u1_l/JennyWilson/src/sem/NameAnalysisVisitor.java:119: error: cannot find symbol
    [javac] 			if (Symbol(p.procs.varDecls.var.name)!=null) {
    [javac] 			                  ^
    [javac]   symbol:   variable varDecls
    [javac]   location: variable procs of type List<Procedure>
    [javac] /tmp/tmphjq_u1_l/JennyWilson/src/sem/NameAnalysisVisitor.java:120: error: cannot find symbol
    [javac] 				Symbol m = scope.lookupCurrent(p.procs.varDecls.var.name);
    [javac] 				                                      ^
    [javac]   symbol:   variable varDecls
    [javac]   location: variable procs of type List<Procedure>
    [javac] /tmp/tmphjq_u1_l/JennyWilson/src/sem/NameAnalysisVisitor.java:157: error: cannot find symbol
    [javac] 			v.vd = ((VarSymbol) v).vd;
    [javac] 			 ^
    [javac]   symbol:   variable vd
    [javac]   location: variable v of type Var
    [javac] /tmp/tmphjq_u1_l/JennyWilson/src/sem/NameAnalysisVisitor.java:157: error: inconvertible types
    [javac] 			v.vd = ((VarSymbol) v).vd;
    [javac] 			                    ^
    [javac]   required: VarSymbol
    [javac]   found:    Var
    [javac] /tmp/tmphjq_u1_l/JennyWilson/src/sem/Symbol.java:6: error: cannot find symbol
    [javac] 		if (getClass()==Var) {
    [javac] 		                ^
    [javac]   symbol:   variable Var
    [javac]   location: class Symbol
    [javac] /tmp/tmphjq_u1_l/JennyWilson/src/sem/Symbol.java:16: error: cannot find symbol
    [javac] 		if (getClass()==Procedure) {
    [javac] 		                ^
    [javac]   symbol:   variable Procedure
    [javac]   location: class Symbol
    [javac] /tmp/tmphjq_u1_l/JennyWilson/src/sem/ProcSymbol.java:6: error: constructor Symbol in class Symbol cannot be applied to given types;
    [javac] 	public ProcSymbol(Procedure p) {
    [javac] 	                               ^
    [javac]   required: String
    [javac]   found: no arguments
    [javac]   reason: actual and formal argument lists differ in length
    [javac] /tmp/tmphjq_u1_l/JennyWilson/src/sem/SemanticAnalyzer.java:10: error: constructor NameAnalysisVisitor in class NameAnalysisVisitor cannot be applied to given types;
    [javac] 			add(new NameAnalysisVisitor());
    [javac] 			    ^
    [javac]   required: Scope
    [javac]   found: no arguments
    [javac]   reason: actual and formal argument lists differ in length
    [javac] /tmp/tmphjq_u1_l/JennyWilson/src/sem/TypeCheckVisitor.java:5: error: TypeCheckVisitor is not abstract and does not override abstract method visitOpExpr(OpExpr) in ASTVisitor
    [javac] public class TypeCheckVisitor extends BaseSemanticVisitor<Type> {
    [javac]        ^
    [javac] /tmp/tmphjq_u1_l/JennyWilson/src/sem/VarSymbol.java:6: error: constructor Symbol in class Symbol cannot be applied to given types;
    [javac] 	public VarSymbol(VarDecl vd) {
    [javac] 	                             ^
    [javac]   required: String
    [javac]   found: no arguments
    [javac]   reason: actual and formal argument lists differ in length
    [javac] Note: Some input files use unchecked or unsafe operations.
    [javac] Note: Recompile with -Xlint:unchecked for details.
    [javac] 41 errors

BUILD FAILED
/tmp/tmphjq_u1_l/JennyWilson/build.xml:49: Compile failed; see the compiler error output for details.

Total time: 1 second
</pre></fieldset></div><hr /><div class="container" style="width:75%;"><a href="scoreboard.html"><button type="button" class="btn btn-default">Go back</button></a></div></div></body></html>