<!DOCTYPE html><html><head><meta charset="utf-8"><meta name="viewport" content="width=device-width, initial-scale=1"><title>CT Scoreboard for jonkirch</title><link rel="stylesheet" href="https://maxcdn.bootstrapcdn.com/bootstrap/3.3.5/css/bootstrap.min.css"><style type="text/css">body { margin: 0 auto; width: 50%; padding-bottom: 30px; } td.hd { font-weight: bold; text-align: center; } td { padding: 5px; }</style></head><body><div class="container"><h2>Information</h2>
<div class="container" style="width: 100%;"><table border="1" cellspacing="1" cellpadding="5"><tr><td>Alias</td><td>jonkirch</td></tr><tr><td>Start</td><td>2015-12-03 16:26:50</td></tr><tr><td>End</td><td>2015-12-03 16:26:57</td></tr><tr><td>Comment ID</td><td>13d625b9a7f4d957c50d3b55b1679d0b3e371925</td></tr><tr><td>Scores</td><td><table border="1" cellspacing="1" cellpadding="5"><tr><td><b>Part</b></td><td><b>Passed / Total</b></td></tr><tr><td>Part 1</td><td>0 / 0</td></tr><tr><td>Part 2</td><td>0 / 0</td></tr><tr><td>Part 3</td><td>0 / 0</td></tr><tr><td>Part 4</td><td>0 / 0</td></tr></table></td></tr><tr><td>Exit codes</td><td><table border="1" cellspacing="1" cellpadding="5"><tr><td><b>Code</b></td><td><b>Explanation</b></td></tr><tr><td>250</td><td>One or more lexer error(s).</td></tr><tr><td>245</td><td>One or more parse error(s).</td></tr><tr><td>240</td><td>One or more semantic error(s).</td></tr><tr><td>230</td><td>Compiled program produced wrong output.</td></tr><tr><td>224</td><td>AST construction is wrong.</td></tr><tr><td>204</td><td>Compiled program not found.</td></tr><tr><td>124</td><td>Your compiler or produced program might have an infinite loop.</td></tr><tr><td>1</td><td>JVM exited prematurely. It occurs when your compiler has infinite recursion, requires a Java version different from 1.7, etc.</td></tr></table></td></tr></table><div class="container" style="width: 45%;margin-top:30px;"><div class="alert alert-danger" role="alert"><b>Test suite failure!</b> Could not build your compiler.</div></div><h3>Error log</h3><pre>Buildfile: /tmp/tmp7mse7ka9/jonkirch/build.xml

build-subprojects:

init:
    [mkdir] Created dir: /tmp/tmp7mse7ka9/jonkirch/bin

build-project:
     [echo] ct-15-16: /tmp/tmp7mse7ka9/jonkirch/build.xml
    [javac] Compiling 39 source files to /tmp/tmp7mse7ka9/jonkirch/bin
    [javac] /tmp/tmp7mse7ka9/jonkirch/src/sem/NameAnalysisVisitor.java:28: error: cannot find symbol
    [javac]         Symbol sym = new FunSymbol(p);
    [javac]                          ^
    [javac]   symbol:   class FunSymbol
    [javac]   location: class NameAnalysisVisitor
    [javac] /tmp/tmp7mse7ka9/jonkirch/src/sem/NameAnalysisVisitor.java:60: error: cannot find symbol
    [javac]         Symbol sym = new VarSymbol(vd);
    [javac]                          ^
    [javac]   symbol:   class VarSymbol
    [javac]   location: class NameAnalysisVisitor
    [javac] /tmp/tmp7mse7ka9/jonkirch/src/sem/NameAnalysisVisitor.java:68: error: cannot find symbol
    [javac]         v.decl = ((VarSymbol) sym).vardecl;
    [javac]                    ^
    [javac]   symbol:   class VarSymbol
    [javac]   location: class NameAnalysisVisitor
    [javac] /tmp/tmp7mse7ka9/jonkirch/src/sem/NameAnalysisVisitor.java:96: error: cannot find symbol
    [javac]         fce.decl = ((FunSymbol) sym).proc;
    [javac]                      ^
    [javac]   symbol:   class FunSymbol
    [javac]   location: class NameAnalysisVisitor
    [javac] /tmp/tmp7mse7ka9/jonkirch/src/sem/NameAnalysisVisitor.java:106: error: cannot find symbol
    [javac]         fcs.decl = ((FunSymbol) sym).proc;
    [javac]                      ^
    [javac]   symbol:   class FunSymbol
    [javac]   location: class NameAnalysisVisitor
    [javac] /tmp/tmp7mse7ka9/jonkirch/src/sem/SemanticAnalyzer.java:10: error: constructor NameAnalysisVisitor in class NameAnalysisVisitor cannot be applied to given types;
    [javac] 			add(new NameAnalysisVisitor());
    [javac] 			    ^
    [javac]   required: Scope
    [javac]   found: no arguments
    [javac]   reason: actual and formal argument lists differ in length
    [javac] Note: Some input files use unchecked or unsafe operations.
    [javac] Note: Recompile with -Xlint:unchecked for details.
    [javac] 6 errors

BUILD FAILED
/tmp/tmp7mse7ka9/jonkirch/build.xml:53: Compile failed; see the compiler error output for details.

Total time: 1 second
</pre></fieldset></div><hr /><div class="container" style="width:75%;"><a href="scoreboard.html"><button type="button" class="btn btn-default">Go back</button></a></div></div></body></html>