<!DOCTYPE html><html><head><meta charset="utf-8"><meta name="viewport" content="width=device-width, initial-scale=1"><title>CT Scoreboard for jsren</title><link rel="stylesheet" href="https://maxcdn.bootstrapcdn.com/bootstrap/3.3.5/css/bootstrap.min.css"><style type="text/css">body { margin: 0 auto; width: 50%; padding-bottom: 30px; } td.hd { font-weight: bold; text-align: center; } td { padding: 5px; }</style></head><body><div class="container"><h2>Information</h2>
<div class="container" style="width: 100%;"><table border="1" cellspacing="1" cellpadding="5"><tr><td>Alias</td><td>jsren</td></tr><tr><td>Start</td><td>2015-11-01 16:23:14</td></tr><tr><td>End</td><td>2015-11-01 16:23:19</td></tr><tr><td>Comment ID</td><td>2272122c59a9c36880c810659f1eb59237000d82</td></tr><tr><td>Scores</td><td><table border="1" cellspacing="1" cellpadding="5"><tr><td><b>Part</b></td><td><b>Passed / Total</b></td></tr><tr><td>Part 1</td><td>0 / 0</td></tr><tr><td>Part 2</td><td>0 / 0</td></tr><tr><td>Part 3</td><td>0 / 0</td></tr><tr><td>Part 4</td><td>0 / 0</td></tr></table></td></tr><tr><td>Exit codes</td><td><table border="1" cellspacing="1" cellpadding="5"><tr><td><b>Code</b></td><td><b>Explanation</b></td></tr><tr><td>250</td><td>One or more lexer error(s).</td></tr><tr><td>245</td><td>One or more parse error(s).</td></tr><tr><td>224</td><td>AST construction is wrong.</td></tr><tr><td>124</td><td>Your compiler might have an infinite loop.</td></tr><tr><td>1</td><td>JVM exited prematurely. It occurs when your compiler has infinite recursion, requires a Java version different from 1.7, etc.</td></tr></table></td></tr></table><div class="container" style="width: 45%;margin-top:30px;"><div class="alert alert-danger" role="alert"><b>Test suite failure!</b> Could not build your compiler.</div></div><h3>Error log</h3><pre>Buildfile: /tmp/tmpiofje37l/jsren/build.xml

build-subprojects:

init:
    [mkdir] Created dir: /tmp/tmpiofje37l/jsren/bin

build-project:
     [echo] CT-15-16: /tmp/tmpiofje37l/jsren/build.xml
    [javac] Compiling 41 source files to /tmp/tmpiofje37l/jsren/bin
    [javac] /tmp/tmpiofje37l/jsren/src/sem/SemanticVisitor.java:8: error: ASTVisitor is not public in ast; cannot be accessed from outside package
    [javac] public interface SemanticVisitor<T> extends ast.ASTVisitor<T> {
    [javac]                                                ^
    [javac] /tmp/tmpiofje37l/jsren/src/sem/NameAnalysisVisitor.java:7: error: method does not override or implement a method from a supertype
    [javac] 	@Override
    [javac] 	^
    [javac] /tmp/tmpiofje37l/jsren/src/sem/NameAnalysisVisitor.java:13: error: method does not override or implement a method from a supertype
    [javac] 	@Override
    [javac] 	^
    [javac] /tmp/tmpiofje37l/jsren/src/sem/NameAnalysisVisitor.java:19: error: method does not override or implement a method from a supertype
    [javac] 	@Override
    [javac] 	^
    [javac] /tmp/tmpiofje37l/jsren/src/sem/NameAnalysisVisitor.java:25: error: method does not override or implement a method from a supertype
    [javac] 	@Override
    [javac] 	^
    [javac] /tmp/tmpiofje37l/jsren/src/sem/NameAnalysisVisitor.java:31: error: method does not override or implement a method from a supertype
    [javac] 	@Override
    [javac] 	^
    [javac] /tmp/tmpiofje37l/jsren/src/sem/Scope.java:26: error: cannot find symbol
    [javac] 		symbolTable.put(sym.name, sym);
    [javac] 		                   ^
    [javac]   symbol:   variable name
    [javac]   location: variable sym of type Symbol
    [javac] /tmp/tmpiofje37l/jsren/src/sem/SemanticAnalyzer.java:17: error: method accept in class Program cannot be applied to given types;
    [javac] 			prog.accept(v);
    [javac] 			    ^
    [javac]   required: ASTVisitor<T>
    [javac]   found: SemanticVisitor
    [javac]   reason: no instance(s) of type variable(s) T exist so that argument type SemanticVisitor conforms to formal parameter type ASTVisitor<T>
    [javac]   where T is a type-variable:
    [javac]     T extends Object declared in method <T>accept(ASTVisitor<T>)
    [javac] /tmp/tmpiofje37l/jsren/src/sem/TypeCheckVisitor.java:7: error: method does not override or implement a method from a supertype
    [javac] 	@Override
    [javac] 	^
    [javac] /tmp/tmpiofje37l/jsren/src/sem/TypeCheckVisitor.java:13: error: method does not override or implement a method from a supertype
    [javac] 	@Override
    [javac] 	^
    [javac] /tmp/tmpiofje37l/jsren/src/sem/TypeCheckVisitor.java:19: error: method does not override or implement a method from a supertype
    [javac] 	@Override
    [javac] 	^
    [javac] /tmp/tmpiofje37l/jsren/src/sem/TypeCheckVisitor.java:25: error: method does not override or implement a method from a supertype
    [javac] 	@Override
    [javac] 	^
    [javac] /tmp/tmpiofje37l/jsren/src/sem/TypeCheckVisitor.java:31: error: method does not override or implement a method from a supertype
    [javac] 	@Override
    [javac] 	^
    [javac] 13 errors

BUILD FAILED
/tmp/tmpiofje37l/jsren/build.xml:49: Compile failed; see the compiler error output for details.

Total time: 0 seconds
</pre></fieldset></div><hr /><div class="container" style="width:75%;"><a href="scoreboard.html"><button type="button" class="btn btn-default">Go back</button></a></div></div></body></html>