<!DOCTYPE html><html><head><meta charset="utf-8"><meta name="viewport" content="width=device-width, initial-scale=1"><title>CT Scoreboard for martin_kristien</title><link rel="stylesheet" href="https://maxcdn.bootstrapcdn.com/bootstrap/3.3.5/css/bootstrap.min.css"><style type="text/css">body { margin: 0 auto; width: 50%; padding-bottom: 30px; } td.hd { font-weight: bold; text-align: center; } td { padding: 5px; }</style></head><body><div class="container"><h2>Information</h2>
<div class="container" style="width: 100%;"><table border="1" cellspacing="1" cellpadding="5"><tr><td>Alias</td><td>martin_kristien</td></tr><tr><td>Start</td><td>2015-11-20 04:13:12</td></tr><tr><td>End</td><td>2015-11-20 04:13:18</td></tr><tr><td>Comment ID</td><td>b111ad37cc2f5afea1246411da4de0ca21366fa3</td></tr><tr><td>Scores</td><td><table border="1" cellspacing="1" cellpadding="5"><tr><td><b>Part</b></td><td><b>Passed / Total</b></td></tr><tr><td>Part 1</td><td>0 / 0</td></tr><tr><td>Part 2</td><td>0 / 0</td></tr><tr><td>Part 3</td><td>0 / 0</td></tr><tr><td>Part 4</td><td>0 / 0</td></tr></table></td></tr><tr><td>Exit codes</td><td><table border="1" cellspacing="1" cellpadding="5"><tr><td><b>Code</b></td><td><b>Explanation</b></td></tr><tr><td>250</td><td>One or more lexer error(s).</td></tr><tr><td>245</td><td>One or more parse error(s).</td></tr><tr><td>240</td><td>One or more semantic error(s).</td></tr><tr><td>224</td><td>AST construction is wrong.</td></tr><tr><td>124</td><td>Your compiler might have an infinite loop.</td></tr><tr><td>1</td><td>JVM exited prematurely. It occurs when your compiler has infinite recursion, requires a Java version different from 1.7, etc.</td></tr></table></td></tr></table><div class="container" style="width: 45%;margin-top:30px;"><div class="alert alert-danger" role="alert"><b>Test suite failure!</b> Could not build your compiler.</div></div><h3>Error log</h3><pre>Buildfile: /tmp/tmpb9d3ppai/martin_kristien/build.xml

build-subprojects:

init:
    [mkdir] Created dir: /tmp/tmpb9d3ppai/martin_kristien/bin

build-project:
     [echo] ct-15-16: /tmp/tmpb9d3ppai/martin_kristien/build.xml
    [javac] Compiling 42 source files to /tmp/tmpb9d3ppai/martin_kristien/bin
    [javac] /tmp/tmpb9d3ppai/martin_kristien/src/gen/CodeGenerator.java:67: error: illegal start of expression
    [javac]         }
    [javac]         ^
    [javac] /tmp/tmpb9d3ppai/martin_kristien/src/gen/CodeGenerator.java:78: error: ';' expected
    [javac]     public Void visitVarDecl(VarDecl v){
    [javac]                             ^
    [javac] /tmp/tmpb9d3ppai/martin_kristien/src/gen/CodeGenerator.java:78: error: ';' expected
    [javac]     public Void visitVarDecl(VarDecl v){
    [javac]                                       ^
    [javac] /tmp/tmpb9d3ppai/martin_kristien/src/gen/CodeGenerator.java:108: error: ';' expected
    [javac]     public Void visitBlock(Block v){
    [javac]                           ^
    [javac] /tmp/tmpb9d3ppai/martin_kristien/src/gen/CodeGenerator.java:108: error: ';' expected
    [javac]     public Void visitBlock(Block v){
    [javac]                                   ^
    [javac] /tmp/tmpb9d3ppai/martin_kristien/src/gen/CodeGenerator.java:113: error: ';' expected
    [javac]     public Void visitVar(Var v){
    [javac]                         ^
    [javac] /tmp/tmpb9d3ppai/martin_kristien/src/gen/CodeGenerator.java:113: error: ';' expected
    [javac]     public Void visitVar(Var v){
    [javac]                               ^
    [javac] /tmp/tmpb9d3ppai/martin_kristien/src/gen/CodeGenerator.java:118: error: ';' expected
    [javac]     public Void visitWhile(While v){
    [javac]                           ^
    [javac] /tmp/tmpb9d3ppai/martin_kristien/src/gen/CodeGenerator.java:118: error: ';' expected
    [javac]     public Void visitWhile(While v){
    [javac]                                   ^
    [javac] /tmp/tmpb9d3ppai/martin_kristien/src/gen/CodeGenerator.java:123: error: ';' expected
    [javac]     public Void visitIf(If v){
    [javac]                        ^
    [javac] /tmp/tmpb9d3ppai/martin_kristien/src/gen/CodeGenerator.java:123: error: ';' expected
    [javac]     public Void visitIf(If v){
    [javac]                             ^
    [javac] /tmp/tmpb9d3ppai/martin_kristien/src/gen/CodeGenerator.java:128: error: ';' expected
    [javac]     public Void visitAssign(Assign v){
    [javac]                            ^
    [javac] /tmp/tmpb9d3ppai/martin_kristien/src/gen/CodeGenerator.java:128: error: ';' expected
    [javac]     public Void visitAssign(Assign v){
    [javac]                                     ^
    [javac] /tmp/tmpb9d3ppai/martin_kristien/src/gen/CodeGenerator.java:133: error: ';' expected
    [javac]     public Void visitFunCallStmt(FunCallStmt v){
    [javac]                                 ^
    [javac] /tmp/tmpb9d3ppai/martin_kristien/src/gen/CodeGenerator.java:133: error: ';' expected
    [javac]     public Void visitFunCallStmt(FunCallStmt v){
    [javac]                                               ^
    [javac] /tmp/tmpb9d3ppai/martin_kristien/src/gen/CodeGenerator.java:138: error: ';' expected
    [javac]     public Void visitFunCallExpr(FunCallExpr v){
    [javac]                                 ^
    [javac] /tmp/tmpb9d3ppai/martin_kristien/src/gen/CodeGenerator.java:138: error: ';' expected
    [javac]     public Void visitFunCallExpr(FunCallExpr v){
    [javac]                                               ^
    [javac] /tmp/tmpb9d3ppai/martin_kristien/src/gen/CodeGenerator.java:143: error: ';' expected
    [javac]     public Void visitReturn(Return v){
    [javac]                            ^
    [javac] /tmp/tmpb9d3ppai/martin_kristien/src/gen/CodeGenerator.java:143: error: ';' expected
    [javac]     public Void visitReturn(Return v){
    [javac]                                     ^
    [javac] /tmp/tmpb9d3ppai/martin_kristien/src/gen/CodeGenerator.java:148: error: ';' expected
    [javac]     public Void visitIntLiteral(IntLiteral v){
    [javac]                                ^
    [javac] /tmp/tmpb9d3ppai/martin_kristien/src/gen/CodeGenerator.java:148: error: ';' expected
    [javac]     public Void visitIntLiteral(IntLiteral v){
    [javac]                                             ^
    [javac] /tmp/tmpb9d3ppai/martin_kristien/src/gen/CodeGenerator.java:153: error: ';' expected
    [javac]     public Void visitStrLiteral(StrLiteral v){
    [javac]                                ^
    [javac] /tmp/tmpb9d3ppai/martin_kristien/src/gen/CodeGenerator.java:153: error: ';' expected
    [javac]     public Void visitStrLiteral(StrLiteral v){
    [javac]                                             ^
    [javac] /tmp/tmpb9d3ppai/martin_kristien/src/gen/CodeGenerator.java:158: error: ';' expected
    [javac]     public Void visitChrLiteral(ChrLiteral v){
    [javac]                                ^
    [javac] /tmp/tmpb9d3ppai/martin_kristien/src/gen/CodeGenerator.java:158: error: ';' expected
    [javac]     public Void visitChrLiteral(ChrLiteral v){
    [javac]                                             ^
    [javac] /tmp/tmpb9d3ppai/martin_kristien/src/gen/CodeGenerator.java:163: error: ';' expected
    [javac]     public Void visitBinOp(BinOp v){
    [javac]                           ^
    [javac] /tmp/tmpb9d3ppai/martin_kristien/src/gen/CodeGenerator.java:163: error: ';' expected
    [javac]     public Void visitBinOp(BinOp v){
    [javac]                                   ^
    [javac] /tmp/tmpb9d3ppai/martin_kristien/src/gen/CodeGenerator.java:170: error: illegal start of expression
    [javac]     public static void writeToFile(byte [] data,  String className){
    [javac]     ^
    [javac] /tmp/tmpb9d3ppai/martin_kristien/src/gen/CodeGenerator.java:170: error: illegal start of expression
    [javac]     public static void writeToFile(byte [] data,  String className){
    [javac]            ^
    [javac] /tmp/tmpb9d3ppai/martin_kristien/src/gen/CodeGenerator.java:170: error: ';' expected
    [javac]     public static void writeToFile(byte [] data,  String className){
    [javac]                  ^
    [javac] /tmp/tmpb9d3ppai/martin_kristien/src/gen/CodeGenerator.java:170: error: '.class' expected
    [javac]     public static void writeToFile(byte [] data,  String className){
    [javac]                                            ^
    [javac] /tmp/tmpb9d3ppai/martin_kristien/src/gen/CodeGenerator.java:170: error: ';' expected
    [javac]     public static void writeToFile(byte [] data,  String className){
    [javac]                                                ^
    [javac] /tmp/tmpb9d3ppai/martin_kristien/src/gen/CodeGenerator.java:170: error: ';' expected
    [javac]     public static void writeToFile(byte [] data,  String className){
    [javac]                                                                   ^
    [javac] /tmp/tmpb9d3ppai/martin_kristien/src/gen/CodeGenerator.java:180: error: reached end of file while parsing
    [javac] }
    [javac]  ^
    [javac] 34 errors

BUILD FAILED
/tmp/tmpb9d3ppai/martin_kristien/build.xml:53: Compile failed; see the compiler error output for details.

Total time: 0 seconds
</pre></fieldset></div><hr /><div class="container" style="width:75%;"><a href="scoreboard.html"><button type="button" class="btn btn-default">Go back</button></a></div></div></body></html>